#
# There is insufficient memory for the Java Runtime Environment to continue.
# Native memory allocation (malloc) failed to allocate 2598864 bytes for Chunk::new
# Possible reasons:
#   The system is out of physical RAM or swap space
#   The process is running with CompressedOops enabled, and the Java Heap may be blocking the growth of the native heap
# Possible solutions:
#   Reduce memory load on the system
#   Increase physical memory or swap space
#   Check if swap backing store is full
#   Decrease Java heap size (-Xmx/-Xms)
#   Decrease number of Java threads
#   Decrease Java thread stack sizes (-Xss)
#   Set larger code cache with -XX:ReservedCodeCacheSize=
#   JVM is running with Unscaled Compressed Oops mode in which the Java heap is
#     placed in the first 4GB address space. The Java Heap base address is the
#     maximum limit for the native heap growth. Please use -XX:HeapBaseMinAddress
#     to set the Java Heap base and to place the Java Heap above 4GB virtual address.
# This output file may be truncated or incomplete.
#
#  Out of Memory Error (allocation.cpp:389), pid=11780, tid=0x0000000000000424
#
# JRE version: OpenJDK Runtime Environment (8.0_242-b01) (build 1.8.0_242-release-1644-b01)
# Java VM: OpenJDK 64-Bit Server VM (25.242-b01 mixed mode windows-amd64 compressed oops)
# Failed to write core dump. Minidumps are not enabled by default on client versions of Windows
#

---------------  T H R E A D  ---------------

Current thread (0x000000001a0c2000):  JavaThread "C2 CompilerThread0" daemon [_thread_in_native, id=1060, stack(0x000000001a990000,0x000000001aa90000)]

Stack: [0x000000001a990000,0x000000001aa90000]
[error occurred during error reporting (printing stack bounds), id 0xc0000005]

Native frames: (J=compiled Java code, j=interpreted, Vv=VM code, C=native code)


Current CompileTask:
C2:11231371 29460 %     4       com.android.tools.r8.B.a.a.f::a @ 1664 (3630 bytes)


---------------  P R O C E S S  ---------------

Java Threads: ( => current thread )
  0x0000000025126000 JavaThread "WorkerExecutor Queue Thread 8" [_thread_blocked, id=3628, stack(0x000000002bee0000,0x000000002bfe0000)]
  0x0000000025121800 JavaThread "WorkerExecutor Queue Thread 7" [_thread_blocked, id=11728, stack(0x000000002bde0000,0x000000002bee0000)]
  0x0000000025123000 JavaThread "WorkerExecutor Queue Thread 6" [_thread_blocked, id=1952, stack(0x000000002bce0000,0x000000002bde0000)]
  0x000000001d3d7800 JavaThread "WorkerExecutor Queue Thread 5" [_thread_blocked, id=12196, stack(0x000000002bbe0000,0x000000002bce0000)]
  0x000000001d3d3800 JavaThread "WorkerExecutor Queue Thread 4" [_thread_blocked, id=12168, stack(0x000000002b220000,0x000000002b320000)]
  0x000000001d3d6800 JavaThread "WorkerExecutor Queue Thread 3" [_thread_in_Java, id=11596, stack(0x000000002a520000,0x000000002a620000)]
  0x000000001d3ca800 JavaThread "ForkJoinPool.commonPool-worker-4" daemon [_thread_blocked, id=15440, stack(0x0000000029eb0000,0x0000000029fb0000)]
  0x000000001d3cc000 JavaThread "ForkJoinPool.commonPool-worker-3" daemon [_thread_blocked, id=12232, stack(0x0000000029b20000,0x0000000029c20000)]
  0x000000001d3d1800 JavaThread "ForkJoinPool.commonPool-worker-2" daemon [_thread_blocked, id=11808, stack(0x0000000029a20000,0x0000000029b20000)]
  0x000000001d3ca000 JavaThread "ForkJoinPool.commonPool-worker-1" daemon [_thread_blocked, id=16316, stack(0x0000000029920000,0x0000000029a20000)]
  0x000000001d3cb800 JavaThread "ForkJoinPool.commonPool-worker-0" daemon [_thread_blocked, id=11020, stack(0x0000000029820000,0x0000000029920000)]
  0x000000001d3d0800 JavaThread "Cache worker for Java compile cache (C:\Users\Dell M6700\AndroidStudioProjects\CoronaUpdate\.gradle\6.1.1\javaCompile)" [_thread_blocked, id=14144, stack(0x0000000029720000,0x0000000029820000)]
  0x000000001d3d0000 JavaThread "stdout" [_thread_in_native, id=20704, stack(0x0000000029620000,0x0000000029720000)]
  0x000000001d3cd800 JavaThread "stderr" [_thread_in_native, id=8572, stack(0x0000000029520000,0x0000000029620000)]
  0x000000001d3cf000 JavaThread "pool-35-thread-1" [_thread_blocked, id=10696, stack(0x0000000029420000,0x0000000029520000)]
  0x000000002d315000 JavaThread "WorkerExecutor Queue Thread 2" [_thread_blocked, id=19244, stack(0x0000000028f20000,0x0000000029020000)]
  0x000000002d313800 JavaThread "WorkerExecutor Queue" [_thread_blocked, id=16412, stack(0x0000000028720000,0x0000000028820000)]
  0x000000002d313000 JavaThread "Cache worker for execution history cache (C:\Users\Dell M6700\AndroidStudioProjects\CoronaUpdate\.gradle\6.1.1\executionHistory)" [_thread_blocked, id=3160, stack(0x0000000028620000,0x0000000028720000)]
  0x000000002d319800 JavaThread "Execution worker for ':' Thread 7" [_thread_blocked, id=18196, stack(0x0000000028520000,0x0000000028620000)]
  0x000000002d316000 JavaThread "Execution worker for ':' Thread 6" [_thread_blocked, id=17504, stack(0x0000000028420000,0x0000000028520000)]
  0x000000002d314800 JavaThread "Execution worker for ':' Thread 5" [_thread_blocked, id=6916, stack(0x0000000028320000,0x0000000028420000)]
  0x000000002d319000 JavaThread "Execution worker for ':' Thread 4" [_thread_blocked, id=2596, stack(0x0000000028020000,0x0000000028120000)]
  0x000000002d317800 JavaThread "Execution worker for ':' Thread 3" [_thread_blocked, id=16188, stack(0x0000000027d20000,0x0000000027e20000)]
  0x000000002d316800 JavaThread "Execution worker for ':' Thread 2" [_thread_blocked, id=7444, stack(0x0000000027c20000,0x0000000027d20000)]
  0x000000002d30b000 JavaThread "Execution worker for ':'" [_thread_blocked, id=11408, stack(0x0000000027b20000,0x0000000027c20000)]
  0x000000002d312000 JavaThread "Cache worker for file content cache (C:\Users\Dell M6700\AndroidStudioProjects\CoronaUpdate\.gradle\6.1.1\fileContent)" [_thread_blocked, id=14960, stack(0x0000000027a20000,0x0000000027b20000)]
  0x000000002d30a800 JavaThread "Cache worker for Build Output Cleanup Cache (C:\Users\Dell M6700\AndroidStudioProjects\CoronaUpdate\.gradle\buildOutputCleanup)" [_thread_blocked, id=21228, stack(0x0000000027920000,0x0000000027a20000)]
  0x000000002d30f800 JavaThread "Build operations Thread 8" [_thread_blocked, id=5064, stack(0x0000000026010000,0x0000000026110000)]
  0x000000002d311000 JavaThread "Build operations Thread 7" [_thread_blocked, id=6840, stack(0x0000000023570000,0x0000000023670000)]
  0x000000002d30f000 JavaThread "Build operations Thread 6" [_thread_blocked, id=16536, stack(0x0000000022e70000,0x0000000022f70000)]
  0x000000002d310800 JavaThread "Build operations Thread 5" [_thread_blocked, id=1268, stack(0x0000000022d70000,0x0000000022e70000)]
  0x000000002d30e000 JavaThread "Build operations Thread 4" [_thread_blocked, id=17520, stack(0x0000000022c70000,0x0000000022d70000)]
  0x000000002d30c800 JavaThread "Build operations Thread 3" [_thread_blocked, id=18172, stack(0x0000000022b70000,0x0000000022c70000)]
  0x000000001d53f800 JavaThread "Build operations Thread 2" [_thread_blocked, id=5160, stack(0x0000000022a70000,0x0000000022b70000)]
  0x000000001d53e800 JavaThread "Build operations" [_thread_blocked, id=8564, stack(0x0000000022970000,0x0000000022a70000)]
  0x000000001d53e000 JavaThread "Cache worker for cache directory md-rule (C:\Users\Dell M6700\.gradle\caches\6.1.1\md-rule)" [_thread_blocked, id=8300, stack(0x0000000022870000,0x0000000022970000)]
  0x000000001d542800 JavaThread "Cache worker for cache directory md-supplier (C:\Users\Dell M6700\.gradle\caches\6.1.1\md-supplier)" [_thread_blocked, id=10216, stack(0x00000000222c0000,0x00000000223c0000)]
  0x000000001d541800 JavaThread "Cache worker for file hash cache (C:\Users\Dell M6700\AndroidStudioProjects\CoronaUpdate\.gradle\6.1.1\fileHashes)" [_thread_blocked, id=1500, stack(0x00000000218c0000,0x00000000219c0000)]
  0x000000001d53d000 JavaThread "Cache worker for checksums cache (C:\Users\Dell M6700\AndroidStudioProjects\CoronaUpdate\.gradle\checksums)" [_thread_blocked, id=10308, stack(0x00000000217c0000,0x00000000218c0000)]
  0x000000001d535800 JavaThread "Thread-429" [_thread_blocked, id=368, stack(0x000000001e6b0000,0x000000001e7b0000)]
  0x000000001d53c800 JavaThread "Stdin handler" [_thread_blocked, id=1376, stack(0x000000001e5b0000,0x000000001e6b0000)]
  0x000000001d53b000 JavaThread "Asynchronous log dispatcher for DefaultDaemonConnection: socket connection from /127.0.0.1:63100 to /127.0.0.1:51699" [_thread_blocked, id=11796, stack(0x000000001e4b0000,0x000000001e5b0000)]
  0x000000001d533800 JavaThread "Cancel handler" [_thread_blocked, id=8148, stack(0x000000001e0b0000,0x000000001e1b0000)]
  0x000000001d539800 JavaThread "Handler for socket connection from /127.0.0.1:63100 to /127.0.0.1:51699" [_thread_in_native, id=11756, stack(0x00000000015a0000,0x00000000016a0000)]
  0x000000001f7a5800 JavaThread "MarlinRenderer Disposer" daemon [_thread_blocked, id=6088, stack(0x000000002f7d0000,0x000000002f8d0000)]
  0x000000001f7ac000 JavaThread "Java2D Disposer" daemon [_thread_blocked, id=20384, stack(0x000000002ce80000,0x000000002cf80000)]
  0x0000000025129000 JavaThread "Daemon worker Thread 11" [_thread_blocked, id=2176, stack(0x000000001e1b0000,0x000000001e2b0000)]
  0x0000000025128800 JavaThread "Daemon Thread 11" [_thread_blocked, id=17776, stack(0x00000000014a0000,0x00000000015a0000)]
  0x000000001f7aa000 JavaThread "Cache worker for Java compile cache (C:\Users\Dell M6700\.gradle\caches\6.1.1\javaCompile)" [_thread_blocked, id=15312, stack(0x000000002a420000,0x000000002a520000)]
  0x000000001d541000 JavaThread "Cache worker for file content cache (C:\Users\Dell M6700\.gradle\caches\6.1.1\fileContent)" [_thread_blocked, id=16244, stack(0x0000000025f10000,0x0000000026010000)]
  0x000000001d540000 JavaThread "Memory manager" [_thread_blocked, id=17904, stack(0x0000000025e10000,0x0000000025f10000)]
  0x000000001a456000 JavaThread "Cache worker for execution history cache (C:\Users\Dell M6700\.gradle\caches\6.1.1\executionHistory)" [_thread_blocked, id=8008, stack(0x00000000219c0000,0x0000000021ac0000)]
  0x000000001a45a000 JavaThread "Cache worker for file hash cache (C:\Users\Dell M6700\.gradle\caches\6.1.1\fileHashes)" [_thread_blocked, id=12172, stack(0x000000001fe80000,0x000000001ff80000)]
  0x000000001a459000 JavaThread "File lock request listener" [_thread_in_native, id=17796, stack(0x000000001edb0000,0x000000001eeb0000)]
  0x000000001a457800 JavaThread "Cache worker for journal cache (C:\Users\Dell M6700\.gradle\caches\journal-1)" [_thread_blocked, id=6900, stack(0x000000001ecb0000,0x000000001edb0000)]
  0x000000001cac5800 JavaThread "Daemon periodic checks" [_thread_blocked, id=9716, stack(0x000000001dfb0000,0x000000001e0b0000)]
  0x000000001c9e4000 JavaThread "Incoming local TCP Connector on port 63100" [_thread_in_native, id=17248, stack(0x000000001dd70000,0x000000001de70000)]
  0x000000001ca63800 JavaThread "Daemon health stats" [_thread_blocked, id=13296, stack(0x000000001d730000,0x000000001d830000)]
  0x000000001a162800 JavaThread "Service Thread" daemon [_thread_blocked, id=14952, stack(0x000000001ad90000,0x000000001ae90000)]
  0x000000001a0cf800 JavaThread "C1 CompilerThread3" daemon [_thread_blocked, id=15580, stack(0x000000001ac90000,0x000000001ad90000)]
  0x000000001a0c8000 JavaThread "C2 CompilerThread2" daemon [_thread_in_native, id=17312, stack(0x000000001ab90000,0x000000001ac90000)]
  0x000000001a0c4800 JavaThread "C2 CompilerThread1" daemon [_thread_blocked, id=3256, stack(0x000000001aa90000,0x000000001ab90000)]
=>0x000000001a0c2000 JavaThread "C2 CompilerThread0" daemon [_thread_in_native, id=1060, stack(0x000000001a990000,0x000000001aa90000)]
  0x000000001a0c0800 JavaThread "Attach Listener" daemon [_thread_blocked, id=8736, stack(0x000000001a890000,0x000000001a990000)]
  0x000000001a0bf800 JavaThread "Signal Dispatcher" daemon [_thread_blocked, id=5080, stack(0x000000001a790000,0x000000001a890000)]
  0x0000000003259000 JavaThread "Finalizer" daemon [_thread_blocked, id=12508, stack(0x000000001a590000,0x000000001a690000)]
  0x00000000182cc800 JavaThread "Reference Handler" daemon [_thread_blocked, id=14976, stack(0x000000001a490000,0x000000001a590000)]
  0x000000000315e800 JavaThread "main" [_thread_blocked, id=20700, stack(0x0000000002fc0000,0x00000000030c0000)]

Other Threads:
  0x00000000182c8000 VMThread [stack: 0x0000000019f90000,0x000000001a090000] [id=15396]
  0x000000001a0f4800 WatcherThread [stack: 0x000000001ae90000,0x000000001af90000] [id=17800]

VM state:not at safepoint (normal execution)

VM Mutex/Monitor currently owned by a thread: None

heap address: 0x0000000080000000, size: 2048 MB, Compressed Oops mode: 32-bit
Narrow klass base: 0x0000000000000000, Narrow klass shift: 3
Compressed class space size: 1073741824 Address: 0x0000000100000000

Heap:
 PSYoungGen      total 562176K, used 548539K [0x00000000d5580000, 0x0000000100000000, 0x0000000100000000)
  eden space 461312K, 97% used [0x00000000d5580000,0x00000000f0cbfae0,0x00000000f1800000)
  from space 100864K, 99% used [0x00000000f9d80000,0x00000000fff256e0,0x0000000100000000)
  to   space 118784K, 0% used [0x00000000f1800000,0x00000000f1800000,0x00000000f8c00000)
 ParOldGen       total 364544K, used 180693K [0x0000000080000000, 0x0000000096400000, 0x00000000d5580000)
  object space 364544K, 49% used [0x0000000080000000,0x000000008b0755f0,0x0000000096400000)
 Metaspace       used 144393K, capacity 151604K, committed 152112K, reserved 1181696K
  class space    used 18258K, capacity 19583K, committed 19760K, reserved 1048576K

Card table byte_map: [0x0000000012620000,0x0000000012a30000] byte_map_base: 0x0000000012220000

Marking Bits: (ParMarkBitMap*) 0x00000000727cf030
 Begin Bits: [0x00000000134e0000, 0x00000000154e0000)
 End Bits:   [0x00000000154e0000, 0x00000000174e0000)

Polling page: 0x0000000000de0000

CodeCache: size=245760Kb used=79796Kb max_used=80045Kb free=165963Kb
 bounds [0x0000000003260000, 0x0000000008110000, 0x0000000012260000]
 total_blobs=23495 nmethods=22414 adapters=991
 compilation: enabled

Compilation events (10 events):
Event: 11231.189 Thread 0x000000001a0cf800 29662       3       com.android.tools.r8.dex.n::j (278 bytes)
Event: 11231.190 Thread 0x000000001a0cf800 nmethod 29662 0x0000000007400710 code [0x00000000074009e0, 0x00000000074020b8]
Event: 11231.274 Thread 0x000000001a0cf800 29663       3       com.android.tools.r8.s.a.b.l.g.o::b (195 bytes)
Event: 11231.276 Thread 0x000000001a0cf800 nmethod 29663 0x000000000577bcd0 code [0x000000000577c0a0, 0x000000000577ddc8]
Event: 11231.276 Thread 0x000000001a0cf800 29664       3       com.android.tools.r8.s.a.b.m.a::n (207 bytes)
Event: 11231.277 Thread 0x000000001a0c8000 29665       4       com.android.tools.r8.s.a.b.e::a (19 bytes)
Event: 11231.277 Thread 0x000000001a0cf800 nmethod 29664 0x00000000040427d0 code [0x0000000004042a60, 0x0000000004043a48]
Event: 11231.277 Thread 0x000000001a0c4800 29666       4       com.android.tools.r8.s.a.b.m.a::g (30 bytes)
Event: 11231.278 Thread 0x000000001a0c4800 nmethod 29666 0x0000000007ef8390 code [0x0000000007ef84e0, 0x0000000007ef85a8]
Event: 11231.282 Thread 0x000000001a0c8000 nmethod 29665 0x000000000388f190 code [0x000000000388f300, 0x000000000388f8e8]

GC Heap History (10 events):
Event: 7908.782 GC heap before
{Heap before GC invocations=39 (full 4):
 PSYoungGen      total 475136K, used 409632K [0x00000000d5580000, 0x00000000f7680000, 0x0000000100000000)
  eden space 405504K, 100% used [0x00000000d5580000,0x00000000ee180000,0x00000000ee180000)
  from space 69632K, 5% used [0x00000000f3280000,0x00000000f3688030,0x00000000f7680000)
  to   space 76288K, 0% used [0x00000000ee180000,0x00000000ee180000,0x00000000f2c00000)
 ParOldGen       total 292864K, used 257744K [0x0000000080000000, 0x0000000091e00000, 0x00000000d5580000)
  object space 292864K, 88% used [0x0000000080000000,0x000000008fbb4210,0x0000000091e00000)
 Metaspace       used 140730K, capacity 147912K, committed 148144K, reserved 1177600K
  class space    used 17983K, capacity 19342K, committed 19376K, reserved 1048576K
Event: 7909.628 GC heap after
Heap after GC invocations=39 (full 4):
 PSYoungGen      total 481792K, used 6160K [0x00000000d5580000, 0x00000000f9d80000, 0x0000000100000000)
  eden space 405504K, 0% used [0x00000000d5580000,0x00000000d5580000,0x00000000ee180000)
  from space 76288K, 8% used [0x00000000ee180000,0x00000000ee784030,0x00000000f2c00000)
  to   space 74752K, 0% used [0x00000000f5480000,0x00000000f5480000,0x00000000f9d80000)
 ParOldGen       total 292864K, used 257920K [0x0000000080000000, 0x0000000091e00000, 0x00000000d5580000)
  object space 292864K, 88% used [0x0000000080000000,0x000000008fbe0220,0x0000000091e00000)
 Metaspace       used 140730K, capacity 147912K, committed 148144K, reserved 1177600K
  class space    used 17983K, capacity 19342K, committed 19376K, reserved 1048576K
}
Event: 10521.052 GC heap before
{Heap before GC invocations=40 (full 4):
 PSYoungGen      total 481792K, used 411664K [0x00000000d5580000, 0x00000000f9d80000, 0x0000000100000000)
  eden space 405504K, 100% used [0x00000000d5580000,0x00000000ee180000,0x00000000ee180000)
  from space 76288K, 8% used [0x00000000ee180000,0x00000000ee784030,0x00000000f2c00000)
  to   space 74752K, 0% used [0x00000000f5480000,0x00000000f5480000,0x00000000f9d80000)
 ParOldGen       total 292864K, used 257920K [0x0000000080000000, 0x0000000091e00000, 0x00000000d5580000)
  object space 292864K, 88% used [0x0000000080000000,0x000000008fbe0220,0x0000000091e00000)
 Metaspace       used 141007K, capacity 148196K, committed 148400K, reserved 1177600K
  class space    used 17992K, capacity 19356K, committed 19376K, reserved 1048576K
Event: 10521.480 GC heap after
Heap after GC invocations=40 (full 4):
 PSYoungGen      total 502784K, used 17163K [0x00000000d5580000, 0x00000000f9000000, 0x0000000100000000)
  eden space 441856K, 0% used [0x00000000d5580000,0x00000000d5580000,0x00000000f0500000)
  from space 60928K, 28% used [0x00000000f5480000,0x00000000f6542f40,0x00000000f9000000)
  to   space 71168K, 0% used [0x00000000f0500000,0x00000000f0500000,0x00000000f4a80000)
 ParOldGen       total 292864K, used 257928K [0x0000000080000000, 0x0000000091e00000, 0x00000000d5580000)
  object space 292864K, 88% used [0x0000000080000000,0x000000008fbe2220,0x0000000091e00000)
 Metaspace       used 141007K, capacity 148196K, committed 148400K, reserved 1177600K
  class space    used 17992K, capacity 19356K, committed 19376K, reserved 1048576K
}
Event: 10527.630 GC heap before
{Heap before GC invocations=41 (full 4):
 PSYoungGen      total 502784K, used 459019K [0x00000000d5580000, 0x00000000f9000000, 0x0000000100000000)
  eden space 441856K, 100% used [0x00000000d5580000,0x00000000f0500000,0x00000000f0500000)
  from space 60928K, 28% used [0x00000000f5480000,0x00000000f6542f40,0x00000000f9000000)
  to   space 71168K, 0% used [0x00000000f0500000,0x00000000f0500000,0x00000000f4a80000)
 ParOldGen       total 292864K, used 257928K [0x0000000080000000, 0x0000000091e00000, 0x00000000d5580000)
  object space 292864K, 88% used [0x0000000080000000,0x000000008fbe2220,0x0000000091e00000)
 Metaspace       used 141701K, capacity 149074K, committed 149296K, reserved 1179648K
  class space    used 18055K, capacity 19429K, committed 19504K, reserved 1048576K
Event: 10528.374 GC heap after
Heap after GC invocations=41 (full 4):
 PSYoungGen      total 513024K, used 71160K [0x00000000d5580000, 0x0000000100000000, 0x0000000100000000)
  eden space 441856K, 0% used [0x00000000d5580000,0x00000000d5580000,0x00000000f0500000)
  from space 71168K, 99% used [0x00000000f0500000,0x00000000f4a7e0e8,0x00000000f4a80000)
  to   space 100864K, 0% used [0x00000000f9d80000,0x00000000f9d80000,0x0000000100000000)
 ParOldGen       total 303616K, used 303250K [0x0000000080000000, 0x0000000092880000, 0x00000000d5580000)
  object space 303616K, 99% used [0x0000000080000000,0x0000000092824bf8,0x0000000092880000)
 Metaspace       used 141701K, capacity 149074K, committed 149296K, reserved 1179648K
  class space    used 18055K, capacity 19429K, committed 19504K, reserved 1048576K
}
Event: 10528.375 GC heap before
{Heap before GC invocations=42 (full 5):
 PSYoungGen      total 513024K, used 71160K [0x00000000d5580000, 0x0000000100000000, 0x0000000100000000)
  eden space 441856K, 0% used [0x00000000d5580000,0x00000000d5580000,0x00000000f0500000)
  from space 71168K, 99% used [0x00000000f0500000,0x00000000f4a7e0e8,0x00000000f4a80000)
  to   space 100864K, 0% used [0x00000000f9d80000,0x00000000f9d80000,0x0000000100000000)
 ParOldGen       total 303616K, used 303250K [0x0000000080000000, 0x0000000092880000, 0x00000000d5580000)
  object space 303616K, 99% used [0x0000000080000000,0x0000000092824bf8,0x0000000092880000)
 Metaspace       used 141701K, capacity 149074K, committed 149296K, reserved 1179648K
  class space    used 18055K, capacity 19429K, committed 19504K, reserved 1048576K
Event: 10533.703 GC heap after
Heap after GC invocations=42 (full 5):
 PSYoungGen      total 513024K, used 0K [0x00000000d5580000, 0x0000000100000000, 0x0000000100000000)
  eden space 441856K, 0% used [0x00000000d5580000,0x00000000d5580000,0x00000000f0500000)
  from space 71168K, 0% used [0x00000000f0500000,0x00000000f0500000,0x00000000f4a80000)
  to   space 100864K, 0% used [0x00000000f9d80000,0x00000000f9d80000,0x0000000100000000)
 ParOldGen       total 364544K, used 180677K [0x0000000080000000, 0x0000000096400000, 0x00000000d5580000)
  object space 364544K, 49% used [0x0000000080000000,0x000000008b0715e0,0x0000000096400000)
 Metaspace       used 140847K, capacity 147602K, committed 149296K, reserved 1179648K
  class space    used 17902K, capacity 19148K, committed 19504K, reserved 1048576K
}
Event: 11159.530 GC heap before
{Heap before GC invocations=43 (full 5):
 PSYoungGen      total 513024K, used 441856K [0x00000000d5580000, 0x0000000100000000, 0x0000000100000000)
  eden space 441856K, 100% used [0x00000000d5580000,0x00000000f0500000,0x00000000f0500000)
  from space 71168K, 0% used [0x00000000f0500000,0x00000000f0500000,0x00000000f4a80000)
  to   space 100864K, 0% used [0x00000000f9d80000,0x00000000f9d80000,0x0000000100000000)
 ParOldGen       total 364544K, used 180685K [0x0000000080000000, 0x0000000096400000, 0x00000000d5580000)
  object space 364544K, 49% used [0x0000000080000000,0x000000008b0735f0,0x0000000096400000)
 Metaspace       used 143876K, capacity 151024K, committed 151856K, reserved 1181696K
  class space    used 18220K, capacity 19543K, committed 19760K, reserved 1048576K
Event: 11159.881 GC heap after
Heap after GC invocations=43 (full 5):
 PSYoungGen      total 562176K, used 99989K [0x00000000d5580000, 0x0000000100000000, 0x0000000100000000)
  eden space 461312K, 0% used [0x00000000d5580000,0x00000000d5580000,0x00000000f1800000)
  from space 100864K, 99% used [0x00000000f9d80000,0x00000000fff256e0,0x0000000100000000)
  to   space 118784K, 0% used [0x00000000f1800000,0x00000000f1800000,0x00000000f8c00000)
 ParOldGen       total 364544K, used 180693K [0x0000000080000000, 0x0000000096400000, 0x00000000d5580000)
  object space 364544K, 49% used [0x0000000080000000,0x000000008b0755f0,0x0000000096400000)
 Metaspace       used 143876K, capacity 151024K, committed 151856K, reserved 1181696K
  class space    used 18220K, capacity 19543K, committed 19760K, reserved 1048576K
}

Deoptimization events (10 events):
Event: 11229.319 Thread 0x000000002d317800 Uncommon trap: reason=array_check action=maybe_recompile pc=0x0000000007fcd488 method=java.util.ComparableTimSort.mergeHi(IIII)V @ 101
Event: 11230.442 Thread 0x000000002d313800 Uncommon trap: reason=class_check action=maybe_recompile pc=0x0000000007b8226c method=com.android.tools.r8.u.b.n.a(ILcom/android/tools/r8/u/b/m1;Lcom/android/tools/r8/u/b/n$e;)V @ 20
Event: 11230.443 Thread 0x000000002d313800 Uncommon trap: reason=class_check action=maybe_recompile pc=0x0000000007b8226c method=com.android.tools.r8.u.b.n.a(ILcom/android/tools/r8/u/b/m1;Lcom/android/tools/r8/u/b/n$e;)V @ 20
Event: 11230.443 Thread 0x000000002d313800 Uncommon trap: reason=class_check action=maybe_recompile pc=0x0000000007b8226c method=com.android.tools.r8.u.b.n.a(ILcom/android/tools/r8/u/b/m1;Lcom/android/tools/r8/u/b/n$e;)V @ 20
Event: 11230.444 Thread 0x000000002d313800 Uncommon trap: reason=class_check action=maybe_recompile pc=0x0000000007b8226c method=com.android.tools.r8.u.b.n.a(ILcom/android/tools/r8/u/b/m1;Lcom/android/tools/r8/u/b/n$e;)V @ 20
Event: 11230.534 Thread 0x0000000025123000 Uncommon trap: reason=unstable_if action=reinterpret pc=0x0000000004f5a5d4 method=com.android.tools.r8.graph.b0.i0()Z @ 7
Event: 11230.556 Thread 0x000000001d3d7800 Uncommon trap: reason=array_check action=maybe_recompile pc=0x0000000007d3aeb4 method=java.util.TimSort.mergeHi(IIII)V @ 250
Event: 11230.556 Thread 0x000000001d3d7800 Uncommon trap: reason=array_check action=maybe_recompile pc=0x0000000007d3aeb4 method=java.util.TimSort.mergeHi(IIII)V @ 250
Event: 11230.611 Thread 0x0000000025126000 Uncommon trap: reason=array_check action=maybe_recompile pc=0x000000000397bb88 method=java.util.TimSort.mergeLo(IIII)V @ 133
Event: 11230.611 Thread 0x0000000025126000 Uncommon trap: reason=array_check action=maybe_recompile pc=0x000000000397bb88 method=java.util.TimSort.mergeLo(IIII)V @ 133

Classes redefined (0 events):
No events

Internal exceptions (10 events):
Event: 11228.698 Thread 0x000000002d317800 Exception <a 'sun/nio/fs/WindowsException'> (0x00000000e28c5b70) thrown at [C:\src\AOSP-openjdk-git\hotspot\src\share\vm\prims\jni.cpp, line 710]
Event: 11228.699 Thread 0x000000002d317800 Exception <a 'sun/nio/fs/WindowsException'> (0x00000000e28c6830) thrown at [C:\src\AOSP-openjdk-git\hotspot\src\share\vm\prims\jni.cpp, line 710]
Event: 11228.699 Thread 0x000000002d317800 Exception <a 'sun/nio/fs/WindowsException'> (0x00000000e28c7578) thrown at [C:\src\AOSP-openjdk-git\hotspot\src\share\vm\prims\jni.cpp, line 710]
Event: 11228.699 Thread 0x000000002d317800 Exception <a 'sun/nio/fs/WindowsException'> (0x00000000e28c9378) thrown at [C:\src\AOSP-openjdk-git\hotspot\src\share\vm\prims\jni.cpp, line 710]
Event: 11228.699 Thread 0x000000002d317800 Exception <a 'sun/nio/fs/WindowsException'> (0x00000000e28ca048) thrown at [C:\src\AOSP-openjdk-git\hotspot\src\share\vm\prims\jni.cpp, line 710]
Event: 11228.699 Thread 0x000000002d317800 Exception <a 'sun/nio/fs/WindowsException'> (0x00000000e28cada0) thrown at [C:\src\AOSP-openjdk-git\hotspot\src\share\vm\prims\jni.cpp, line 710]
Event: 11230.371 Thread 0x000000002d313800 Exception <a 'sun/nio/fs/WindowsException'> (0x00000000e959f0c8) thrown at [C:\src\AOSP-openjdk-git\hotspot\src\share\vm\prims\jni.cpp, line 710]
Event: 11230.644 Thread 0x000000002d313800 Exception <a 'sun/nio/fs/WindowsException'> (0x00000000ec7e67d8) thrown at [C:\src\AOSP-openjdk-git\hotspot\src\share\vm\prims\jni.cpp, line 710]
Event: 11230.648 Thread 0x000000002d313800 Exception <a 'sun/nio/fs/WindowsException'> (0x00000000ec801e80) thrown at [C:\src\AOSP-openjdk-git\hotspot\src\share\vm\prims\jni.cpp, line 710]
Event: 11231.050 Thread 0x000000001d3d6800 Exception <a 'sun/nio/fs/WindowsException'> (0x00000000ee6a48f0) thrown at [C:\src\AOSP-openjdk-git\hotspot\src\share\vm\prims\jni.cpp, line 710]

Events (10 events):
Event: 11230.847 Executing VM operation: RevokeBias done
Event: 11230.873 Thread 0x000000001a0cf800 flushing nmethod 0x00000000071e8cd0
Event: 11230.874 Thread 0x000000001a0cf800 flushing nmethod 0x000000000726fc10
Event: 11230.874 Thread 0x000000001a0cf800 flushing nmethod 0x00000000072b2a50
Event: 11230.875 Thread 0x000000001a0cf800 flushing nmethod 0x00000000073fff50
Event: 11230.878 Thread 0x000000001a0cf800 flushing nmethod 0x0000000007558790
Event: 11230.891 Thread 0x000000001a0cf800 flushing nmethod 0x0000000007edba90
Event: 11230.891 Thread 0x000000001a0cf800 flushing nmethod 0x0000000007ef81d0
Event: 11231.063 Thread 0x000000001d3d6800 DEOPT PACKING pc=0x00000000065dcd8f sp=0x000000002a61de20
Event: 11231.065 Thread 0x000000001d3d6800 DEOPT UNPACKING pc=0x00000000032a75d0 sp=0x000000002a61db90 mode 0


Dynamic libraries:
0x00007ff78e530000 - 0x00007ff78e561000 	D:\Android Studio\jre\bin\java.exe
0x00007ffe4ad80000 - 0x00007ffe4af70000 	C:\WINDOWS\SYSTEM32\ntdll.dll
0x00007ffe491b0000 - 0x00007ffe49262000 	C:\WINDOWS\System32\KERNEL32.DLL
0x00007ffe48ae0000 - 0x00007ffe48d84000 	C:\WINDOWS\System32\KERNELBASE.dll
0x00007ffe49470000 - 0x00007ffe49513000 	C:\WINDOWS\System32\ADVAPI32.dll
0x00007ffe4aae0000 - 0x00007ffe4ab7e000 	C:\WINDOWS\System32\msvcrt.dll
0x00007ffe493d0000 - 0x00007ffe49467000 	C:\WINDOWS\System32\sechost.dll
0x00007ffe49090000 - 0x00007ffe491b0000 	C:\WINDOWS\System32\RPCRT4.dll
0x00007ffe4a560000 - 0x00007ffe4a6f4000 	C:\WINDOWS\System32\USER32.dll
0x00007ffe47f10000 - 0x00007ffe47f31000 	C:\WINDOWS\System32\win32u.dll
0x00007ffe4a530000 - 0x00007ffe4a556000 	C:\WINDOWS\System32\GDI32.dll
0x00007ffe47d70000 - 0x00007ffe47f05000 	C:\WINDOWS\System32\gdi32full.dll
0x00007ffe48a20000 - 0x00007ffe48abe000 	C:\WINDOWS\System32\msvcp_win.dll
0x00007ffe48050000 - 0x00007ffe4814a000 	C:\WINDOWS\System32\ucrtbase.dll
0x00007ffe38a40000 - 0x00007ffe38cc4000 	C:\WINDOWS\WinSxS\amd64_microsoft.windows.common-controls_6595b64144ccf1df_6.0.18362.900_none_e6beb9d913147d17\COMCTL32.dll
0x00007ffe4a700000 - 0x00007ffe4aa35000 	C:\WINDOWS\System32\combase.dll
0x00007ffe47f70000 - 0x00007ffe47ff0000 	C:\WINDOWS\System32\bcryptPrimitives.dll
0x00007ffe4aa50000 - 0x00007ffe4aa7e000 	C:\WINDOWS\System32\IMM32.DLL
0x0000000073000000 - 0x00000000730d2000 	D:\Android Studio\jre\jre\bin\msvcr100.dll
0x0000000072000000 - 0x000000007284b000 	D:\Android Studio\jre\jre\bin\server\jvm.dll
0x00007ffe493c0000 - 0x00007ffe493c8000 	C:\WINDOWS\System32\PSAPI.DLL
0x00007ffe42390000 - 0x00007ffe4239a000 	C:\WINDOWS\SYSTEM32\VERSION.dll
0x00007ffe10260000 - 0x00007ffe10269000 	C:\WINDOWS\SYSTEM32\WSOCK32.dll
0x00007ffe45b00000 - 0x00007ffe45b24000 	C:\WINDOWS\SYSTEM32\WINMM.dll
0x00007ffe45ad0000 - 0x00007ffe45afd000 	C:\WINDOWS\SYSTEM32\WINMMBASE.dll
0x00007ffe48d90000 - 0x00007ffe48dda000 	C:\WINDOWS\System32\cfgmgr32.dll
0x00007ffe4ac50000 - 0x00007ffe4acbf000 	C:\WINDOWS\System32\WS2_32.dll
0x00007ffe43bf0000 - 0x00007ffe43bff000 	D:\Android Studio\jre\jre\bin\verify.dll
0x00007ffe3b710000 - 0x00007ffe3b739000 	D:\Android Studio\jre\jre\bin\java.dll
0x00007ffe43bd0000 - 0x00007ffe43be6000 	D:\Android Studio\jre\jre\bin\zip.dll
0x00007ffe495a0000 - 0x00007ffe49c86000 	C:\WINDOWS\System32\SHELL32.dll
0x00007ffe49e40000 - 0x00007ffe49ee9000 	C:\WINDOWS\System32\shcore.dll
0x00007ffe48150000 - 0x00007ffe488d0000 	C:\WINDOWS\System32\windows.storage.dll
0x00007ffe47d40000 - 0x00007ffe47d63000 	C:\WINDOWS\System32\profapi.dll
0x00007ffe47cd0000 - 0x00007ffe47d1a000 	C:\WINDOWS\System32\powrprof.dll
0x00007ffe47ca0000 - 0x00007ffe47cb0000 	C:\WINDOWS\System32\UMPDC.dll
0x00007ffe4aa80000 - 0x00007ffe4aad2000 	C:\WINDOWS\System32\shlwapi.dll
0x00007ffe47cb0000 - 0x00007ffe47cc1000 	C:\WINDOWS\System32\kernel.appcore.dll
0x00007ffe48ac0000 - 0x00007ffe48ad7000 	C:\WINDOWS\System32\cryptsp.dll
0x00007ffe37d40000 - 0x00007ffe37d5a000 	D:\Android Studio\jre\jre\bin\net.dll
0x00007ffe474b0000 - 0x00007ffe47517000 	C:\WINDOWS\system32\mswsock.dll
0x00007ffe37cc0000 - 0x00007ffe37cd3000 	D:\Android Studio\jre\jre\bin\nio.dll
0x00007ffe28160000 - 0x00007ffe28186000 	C:\Users\Dell M6700\.gradle\native\31\windows-amd64\native-platform.dll
0x00007ffe42430000 - 0x00007ffe4243d000 	D:\Android Studio\jre\jre\bin\management.dll
0x00007ffe47020000 - 0x00007ffe47053000 	C:\WINDOWS\system32\rsaenh.dll
0x00007ffe47f40000 - 0x00007ffe47f66000 	C:\WINDOWS\System32\bcrypt.dll
0x00007ffe47bc0000 - 0x00007ffe47be5000 	C:\WINDOWS\SYSTEM32\USERENV.dll
0x00007ffe47680000 - 0x00007ffe4768c000 	C:\WINDOWS\SYSTEM32\CRYPTBASE.dll
0x00007ffe471c0000 - 0x00007ffe471fa000 	C:\WINDOWS\SYSTEM32\IPHLPAPI.DLL
0x00007ffe4aa40000 - 0x00007ffe4aa48000 	C:\WINDOWS\System32\NSI.dll
0x00007ffe41f50000 - 0x00007ffe41f66000 	C:\WINDOWS\SYSTEM32\dhcpcsvc6.DLL
0x00007ffe41f30000 - 0x00007ffe41f4c000 	C:\WINDOWS\SYSTEM32\dhcpcsvc.DLL
0x00007ffe47200000 - 0x00007ffe472cb000 	C:\WINDOWS\SYSTEM32\DNSAPI.dll
0x00007ffe46d00000 - 0x00007ffe46d31000 	C:\WINDOWS\SYSTEM32\ntmarta.dll
0x00007ffe12990000 - 0x00007ffe12b2c000 	D:\Android Studio\jre\jre\bin\awt.dll
0x00007ffe4ab80000 - 0x00007ffe4ac45000 	C:\WINDOWS\System32\OLEAUT32.dll
0x00007ffe46410000 - 0x00007ffe4643d000 	C:\WINDOWS\SYSTEM32\dwmapi.dll
0x00007ffe447e0000 - 0x00007ffe44da0000 	C:\WINDOWS\SYSTEM32\d2d1.dll
0x00007ffe45dd0000 - 0x00007ffe45e5f000 	C:\WINDOWS\SYSTEM32\apphelp.dll
0x00007ffe45ed0000 - 0x00007ffe45f69000 	C:\WINDOWS\system32\uxtheme.dll

VM Arguments:
jvm_args: -Xmx2048m -Dfile.encoding=windows-1252 -Duser.country=US -Duser.language=en -Duser.variant 
java_command: org.gradle.launcher.daemon.bootstrap.GradleDaemon 6.1.1
java_class_path (initial): C:\Users\Dell M6700\.gradle\wrapper\dists\gradle-6.1.1-all\cfmwm155h49vnt3hynmlrsdst\gradle-6.1.1\lib\gradle-launcher-6.1.1.jar
Launcher Type: SUN_STANDARD

Environment Variables:
USERNAME=Ibrahim
OS=Windows_NT
PROCESSOR_IDENTIFIER=Intel64 Family 6 Model 58 Stepping 9, GenuineIntel



---------------  S Y S T E M  ---------------

OS: Windows 10.0 , 64 bit Build 18362 (10.0.18362.900)

CPU:total 8 (initial active 8) (4 cores per cpu, 2 threads per core) family 6 model 58 stepping 9, cmov, cx8, fxsr, mmx, sse, sse2, sse3, ssse3, sse4.1, sse4.2, popcnt, avx, aes, clmul, erms, ht, tsc, tscinvbit, tscinv

Memory: 4k page, physical 8289504k(469288k free), swap 20872416k(6588k free)

vm_info: OpenJDK 64-Bit Server VM (25.242-b01) for windows-amd64 JRE (1.8.0_242-release-1644-b01), built by "builder" with MS VC++ 10.0 (VS2010)

time: Sat Jun 20 22:47:26 2020
timezone: Pakistan Standard Time
elapsed time: 11231 seconds (0d 3h 7m 11s)

